# JRE version: OpenJDK Runtime Environment Temurin-17.0.8.1+1 (17.0.8.1+1) (build 17.0.8.1+1)
# Java VM: OpenJDK 64-Bit Server VM Temurin-17.0.8.1+1 (17.0.8.1+1, mixed mode, emulated-client, tiered, compressed oops, compressed class ptrs, g1 gc, windows-amd64)
GC Precious Log:
 CPUs: 2 total, 2 available
 Memory: 4094M
 Large Page Support: Disabled
 NUMA Support: Disabled
 Compressed Oops: Enabled (32-bit)
 Heap Region Size: 1M
 Heap Min Capacity: 8M
 Heap Initial Capacity: 64M
 Heap Max Capacity: 1G
 Pre-touch: Disabled
 Parallel Workers: 2
 Concurrent Workers: 1
 Concurrent Refinement Workers: 2
 Periodic GC: Disabled
Heap:
 garbage-first heap   total 80896K, used 28382K [0x00000000c0000000, 0x0000000100000000)
  region size 1024K, 1 young (1024K), 0 survivors (0K)
 Metaspace       used 54817K, committed 55488K, reserved 1114112K
  class space    used 6946K, committed 7232K, reserved 1048576K
GC Heap History (20 events):
Event: 6.222 GC heap before
{Heap before GC invocations=10 (full 0):
 garbage-first heap   total 66560K, used 23808K [0x00000000c0000000, 0x0000000100000000)
  region size 1024K, 7 young (7168K), 4 survivors (4096K)
 Metaspace       used 35653K, committed 35968K, reserved 1114112K
  class space    used 4612K, committed 4736K, reserved 1048576K
}
Event: 6.234 GC heap after
{Heap after GC invocations=11 (full 0):
 garbage-first heap   total 66560K, used 22104K [0x00000000c0000000, 0x0000000100000000)
  region size 1024K, 1 young (1024K), 1 survivors (1024K)
 Metaspace       used 35653K, committed 35968K, reserved 1114112K
  class space    used 4612K, committed 4736K, reserved 1048576K
}
Event: 7.849 GC heap before
{Heap before GC invocations=12 (full 0):
 garbage-first heap   total 66560K, used 47704K [0x00000000c0000000, 0x0000000100000000)
  region size 1024K, 27 young (27648K), 1 survivors (1024K)
 Metaspace       used 39682K, committed 40064K, reserved 1114112K
  class space    used 5261K, committed 5440K, reserved 1048576K
}
Event: 7.856 GC heap after
{Heap after GC invocations=13 (full 0):
 garbage-first heap   total 66560K, used 24349K [0x00000000c0000000, 0x0000000100000000)
  region size 1024K, 3 young (3072K), 3 survivors (3072K)
 Metaspace       used 39682K, committed 40064K, reserved 1114112K
  class space    used 5261K, committed 5440K, reserved 1048576K
}
Event: 8.465 GC heap before
{Heap before GC invocations=13 (full 0):
 garbage-first heap   total 66560K, used 49949K [0x00000000c0000000, 0x0000000100000000)
  region size 1024K, 28 young (28672K), 3 survivors (3072K)
 Metaspace       used 43701K, committed 44224K, reserved 1114112K
  class space    used 5683K, committed 5952K, reserved 1048576K
}
Event: 8.482 GC heap after
{Heap after GC invocations=14 (full 0):
 garbage-first heap   total 66560K, used 28464K [0x00000000c0000000, 0x0000000100000000)
  region size 1024K, 4 young (4096K), 4 survivors (4096K)
 Metaspace       used 43701K, committed 44224K, reserved 1114112K
  class space    used 5683K, committed 5952K, reserved 1048576K
}
Event: 9.098 GC heap before
{Heap before GC invocations=14 (full 0):
 garbage-first heap   total 66560K, used 47920K [0x00000000c0000000, 0x0000000100000000)
  region size 1024K, 24 young (24576K), 4 survivors (4096K)
 Metaspace       used 48780K, committed 49216K, reserved 1114112K
  class space    used 6259K, committed 6464K, reserved 1048576K
}
Event: 9.113 GC heap after
{Heap after GC invocations=15 (full 0):
 garbage-first heap   total 66560K, used 33396K [0x00000000c0000000, 0x0000000100000000)
  region size 1024K, 3 young (3072K), 3 survivors (3072K)
 Metaspace       used 48780K, committed 49216K, reserved 1114112K
  class space    used 6259K, committed 6464K, reserved 1048576K
}
Event: 9.629 GC heap before
{Heap before GC invocations=15 (full 0):
 garbage-first heap   total 66560K, used 47732K [0x00000000c0000000, 0x0000000100000000)
  region size 1024K, 18 young (18432K), 3 survivors (3072K)
 Metaspace       used 51257K, committed 51776K, reserved 1114112K
  class space    used 6560K, committed 6784K, reserved 1048576K
}
Event: 9.639 GC heap after
{Heap after GC invocations=16 (full 0):
 garbage-first heap   total 66560K, used 34433K [0x00000000c0000000, 0x0000000100000000)
  region size 1024K, 1 young (1024K), 1 survivors (1024K)
 Metaspace       used 51257K, committed 51776K, reserved 1114112K
  class space    used 6560K, committed 6784K, reserved 1048576K
}
Event: 9.961 GC heap before
{Heap before GC invocations=17 (full 0):
 garbage-first heap   total 66560K, used 49793K [0x00000000c0000000, 0x0000000100000000)
  region size 1024K, 17 young (17408K), 1 survivors (1024K)
 Metaspace       used 52536K, committed 52992K, reserved 1114112K
  class space    used 6728K, committed 6912K, reserved 1048576K
}
Event: 9.970 GC heap after
{Heap after GC invocations=18 (full 0):
 garbage-first heap   total 66560K, used 35297K [0x00000000c0000000, 0x0000000100000000)
  region size 1024K, 2 young (2048K), 2 survivors (2048K)
 Metaspace       used 52536K, committed 52992K, reserved 1114112K
  class space    used 6728K, committed 6912K, reserved 1048576K
}
Event: 15.983 GC heap before
{Heap before GC invocations=18 (full 0):
 garbage-first heap   total 66560K, used 49633K [0x00000000c0000000, 0x0000000100000000)
  region size 1024K, 17 young (17408K), 2 survivors (2048K)
 Metaspace       used 54623K, committed 55040K, reserved 1114112K
  class space    used 6930K, committed 7104K, reserved 1048576K
}
Event: 15.991 GC heap after
{Heap after GC invocations=19 (full 0):
 garbage-first heap   total 80896K, used 36107K [0x00000000c0000000, 0x0000000100000000)
  region size 1024K, 2 young (2048K), 2 survivors (2048K)
 Metaspace       used 54623K, committed 55040K, reserved 1114112K
  class space    used 6930K, committed 7104K, reserved 1048576K
}
Event: 126.435 GC heap before
{Heap before GC invocations=20 (full 0):
 garbage-first heap   total 80896K, used 54539K [0x00000000c0000000, 0x0000000100000000)
  region size 1024K, 21 young (21504K), 2 survivors (2048K)
 Metaspace       used 55035K, committed 55488K, reserved 1114112K
  class space    used 6996K, committed 7232K, reserved 1048576K
}
Event: 126.481 GC heap after
{Heap after GC invocations=21 (full 1):
 garbage-first heap   total 80896K, used 32927K [0x00000000c0000000, 0x0000000100000000)
  region size 1024K, 0 young (0K), 0 survivors (0K)
 Metaspace       used 55035K, committed 55488K, reserved 1114112K
  class space    used 6996K, committed 7232K, reserved 1048576K
}
Event: 137.215 GC heap before
{Heap before GC invocations=21 (full 1):
 garbage-first heap   total 80896K, used 32927K [0x00000000c0000000, 0x0000000100000000)
  region size 1024K, 1 young (1024K), 0 survivors (0K)
 Metaspace       used 55035K, committed 55488K, reserved 1114112K
  class space    used 6996K, committed 7232K, reserved 1048576K
}
Event: 137.289 GC heap after
{Heap after GC invocations=22 (full 2):
 garbage-first heap   total 80896K, used 28382K [0x00000000c0000000, 0x0000000100000000)
  region size 1024K, 0 young (0K), 0 survivors (0K)
 Metaspace       used 54816K, committed 55488K, reserved 1114112K
  class space    used 6946K, committed 7232K, reserved 1048576K
}
Event: 147.495 GC heap before
{Heap before GC invocations=22 (full 2):
 garbage-first heap   total 80896K, used 28382K [0x00000000c0000000, 0x0000000100000000)
  region size 1024K, 1 young (1024K), 0 survivors (0K)
 Metaspace       used 54817K, committed 55488K, reserved 1114112K
  class space    used 6946K, committed 7232K, reserved 1048576K
}
Event: 147.563 GC heap after
{Heap after GC invocations=23 (full 3):
 garbage-first heap   total 80896K, used 28382K [0x00000000c0000000, 0x0000000100000000)
  region size 1024K, 0 young (0K), 0 survivors (0K)
 Metaspace       used 54817K, committed 55488K, reserved 1114112K
  class space    used 6946K, committed 7232K, reserved 1048576K
}

