# JRE version: OpenJDK Runtime Environment Temurin-17.0.8.1+1 (17.0.8.1+1) (build 17.0.8.1+1)
# Java VM: OpenJDK 64-Bit Server VM Temurin-17.0.8.1+1 (17.0.8.1+1, mixed mode, emulated-client, tiered, compressed oops, compressed class ptrs, g1 gc, windows-amd64)
GC Precious Log:
 CPUs: 2 total, 2 available
 Memory: 4094M
 Large Page Support: Disabled
 NUMA Support: Disabled
 Compressed Oops: Enabled (32-bit)
 Heap Region Size: 1M
 Heap Min Capacity: 8M
 Heap Initial Capacity: 64M
 Heap Max Capacity: 1G
 Pre-touch: Disabled
 Parallel Workers: 2
 Concurrent Workers: 1
 Concurrent Refinement Workers: 2
 Periodic GC: Disabled
Heap:
 garbage-first heap   total 80896K, used 35358K [0x00000000c0000000, 0x0000000100000000)
  region size 1024K, 1 young (1024K), 1 survivors (1024K)
 Metaspace       used 49126K, committed 49600K, reserved 1114112K
  class space    used 6249K, committed 6464K, reserved 1048576K
GC Heap History (20 events):
Event: 18.073 GC heap after
{Heap after GC invocations=10 (full 0):
 garbage-first heap   total 55296K, used 20546K [0x00000000c0000000, 0x0000000100000000)
  region size 1024K, 3 young (3072K), 3 survivors (3072K)
 Metaspace       used 33476K, committed 33792K, reserved 1114112K
  class space    used 4281K, committed 4416K, reserved 1048576K
}
Event: 19.852 GC heap before
{Heap before GC invocations=10 (full 0):
 garbage-first heap   total 55296K, used 29762K [0x00000000c0000000, 0x0000000100000000)
  region size 1024K, 13 young (13312K), 3 survivors (3072K)
 Metaspace       used 35650K, committed 35968K, reserved 1114112K
  class space    used 4608K, committed 4736K, reserved 1048576K
}
Event: 19.859 GC heap after
{Heap after GC invocations=11 (full 0):
 garbage-first heap   total 55296K, used 21717K [0x00000000c0000000, 0x0000000100000000)
  region size 1024K, 1 young (1024K), 1 survivors (1024K)
 Metaspace       used 35650K, committed 35968K, reserved 1114112K
  class space    used 4608K, committed 4736K, reserved 1048576K
}
Event: 21.346 GC heap before
{Heap before GC invocations=12 (full 0):
 garbage-first heap   total 55296K, used 40149K [0x00000000c0000000, 0x0000000100000000)
  region size 1024K, 20 young (20480K), 1 survivors (1024K)
 Metaspace       used 38807K, committed 39168K, reserved 1114112K
  class space    used 5156K, committed 5312K, reserved 1048576K
}
Event: 21.352 GC heap after
{Heap after GC invocations=13 (full 0):
 garbage-first heap   total 55296K, used 23113K [0x00000000c0000000, 0x0000000100000000)
  region size 1024K, 3 young (3072K), 3 survivors (3072K)
 Metaspace       used 38807K, committed 39168K, reserved 1114112K
  class space    used 5156K, committed 5312K, reserved 1048576K
}
Event: 21.898 GC heap before
{Heap before GC invocations=13 (full 0):
 garbage-first heap   total 55296K, used 40521K [0x00000000c0000000, 0x0000000100000000)
  region size 1024K, 21 young (21504K), 3 survivors (3072K)
 Metaspace       used 41881K, committed 42304K, reserved 1114112K
  class space    used 5411K, committed 5632K, reserved 1048576K
}
Event: 21.906 GC heap after
{Heap after GC invocations=14 (full 0):
 garbage-first heap   total 55296K, used 24715K [0x00000000c0000000, 0x0000000100000000)
  region size 1024K, 2 young (2048K), 2 survivors (2048K)
 Metaspace       used 41881K, committed 42304K, reserved 1114112K
  class space    used 5411K, committed 5632K, reserved 1048576K
}
Event: 22.064 GC heap before
{Heap before GC invocations=14 (full 0):
 garbage-first heap   total 55296K, used 30859K [0x00000000c0000000, 0x0000000100000000)
  region size 1024K, 9 young (9216K), 2 survivors (2048K)
 Metaspace       used 42104K, committed 42560K, reserved 1114112K
  class space    used 5460K, committed 5696K, reserved 1048576K
}
Event: 22.069 GC heap after
{Heap after GC invocations=15 (full 0):
 garbage-first heap   total 55296K, used 25707K [0x00000000c0000000, 0x0000000100000000)
  region size 1024K, 1 young (1024K), 1 survivors (1024K)
 Metaspace       used 42104K, committed 42560K, reserved 1114112K
  class space    used 5460K, committed 5696K, reserved 1048576K
}
Event: 22.313 GC heap before
{Heap before GC invocations=16 (full 0):
 garbage-first heap   total 55296K, used 42091K [0x00000000c0000000, 0x0000000100000000)
  region size 1024K, 17 young (17408K), 1 survivors (1024K)
 Metaspace       used 44772K, committed 45248K, reserved 1114112K
  class space    used 5693K, committed 5888K, reserved 1048576K
}
Event: 22.318 GC heap after
{Heap after GC invocations=17 (full 0):
 garbage-first heap   total 55296K, used 31124K [0x00000000c0000000, 0x0000000100000000)
  region size 1024K, 3 young (3072K), 3 survivors (3072K)
 Metaspace       used 44772K, committed 45248K, reserved 1114112K
  class space    used 5693K, committed 5888K, reserved 1048576K
}
Event: 22.420 GC heap before
{Heap before GC invocations=17 (full 0):
 garbage-first heap   total 55296K, used 40340K [0x00000000c0000000, 0x0000000100000000)
  region size 1024K, 13 young (13312K), 3 survivors (3072K)
 Metaspace       used 46495K, committed 46976K, reserved 1114112K
  class space    used 5885K, committed 6080K, reserved 1048576K
}
Event: 22.425 GC heap after
{Heap after GC invocations=18 (full 0):
 garbage-first heap   total 55296K, used 32881K [0x00000000c0000000, 0x0000000100000000)
  region size 1024K, 2 young (2048K), 2 survivors (2048K)
 Metaspace       used 46495K, committed 46976K, reserved 1114112K
  class space    used 5885K, committed 6080K, reserved 1048576K
}
Event: 22.612 GC heap before
{Heap before GC invocations=19 (full 0):
 garbage-first heap   total 60416K, used 41073K [0x00000000c0000000, 0x0000000100000000)
  region size 1024K, 11 young (11264K), 2 survivors (2048K)
 Metaspace       used 48867K, committed 49408K, reserved 1114112K
  class space    used 6211K, committed 6464K, reserved 1048576K
}
Event: 22.616 GC heap after
{Heap after GC invocations=20 (full 0):
 garbage-first heap   total 60416K, used 33732K [0x00000000c0000000, 0x0000000100000000)
  region size 1024K, 1 young (1024K), 1 survivors (1024K)
 Metaspace       used 48867K, committed 49408K, reserved 1114112K
  class space    used 6211K, committed 6464K, reserved 1048576K
}
Event: 22.639 GC heap before
{Heap before GC invocations=20 (full 0):
 garbage-first heap   total 60416K, used 47044K [0x00000000c0000000, 0x0000000100000000)
  region size 1024K, 14 young (14336K), 1 survivors (1024K)
 Metaspace       used 48874K, committed 49408K, reserved 1114112K
  class space    used 6213K, committed 6464K, reserved 1048576K
}
Event: 22.643 GC heap after
{Heap after GC invocations=21 (full 0):
 garbage-first heap   total 60416K, used 33994K [0x00000000c0000000, 0x0000000100000000)
  region size 1024K, 2 young (2048K), 2 survivors (2048K)
 Metaspace       used 48874K, committed 49408K, reserved 1114112K
  class space    used 6213K, committed 6464K, reserved 1048576K
}
Event: 22.706 GC heap before
{Heap before GC invocations=22 (full 0):
 garbage-first heap   total 80896K, used 47306K [0x00000000c0000000, 0x0000000100000000)
  region size 1024K, 15 young (15360K), 2 survivors (2048K)
 Metaspace       used 49124K, committed 49600K, reserved 1114112K
  class space    used 6248K, committed 6464K, reserved 1048576K
}
Event: 22.710 GC heap after
{Heap after GC invocations=23 (full 0):
 garbage-first heap   total 80896K, used 34906K [0x00000000c0000000, 0x0000000100000000)
  region size 1024K, 2 young (2048K), 2 survivors (2048K)
 Metaspace       used 49124K, committed 49600K, reserved 1114112K
  class space    used 6248K, committed 6464K, reserved 1048576K
}
Event: 22.712 GC heap before
{Heap before GC invocations=23 (full 0):
 garbage-first heap   total 80896K, used 34906K [0x00000000c0000000, 0x0000000100000000)
  region size 1024K, 3 young (3072K), 2 survivors (2048K)
 Metaspace       used 49126K, committed 49600K, reserved 1114112K
  class space    used 6249K, committed 6464K, reserved 1048576K
}

